Flow report for vga
Thu Nov 24 15:59:45 2022
Quartus Prime Version 20.1.1 Build 720 11/11/2020 SJ Lite Edition


---------------------
; Table of Contents ;
---------------------
  1. Legal Notice
  2. Flow Summary
  3. Flow Settings
  4. Flow Non-Default Global Settings
  5. Flow Elapsed Time
  6. Flow OS Summary
  7. Flow Log
  8. Flow Messages
  9. Flow Suppressed Messages



----------------
; Legal Notice ;
----------------
Copyright (C) 2020  Intel Corporation. All rights reserved.
Your use of Intel Corporation's design tools, logic functions 
and other software and tools, and any partner logic 
functions, and any output files from any of the foregoing 
(including device programming or simulation files), and any 
associated documentation or information are expressly subject 
to the terms and conditions of the Intel Program License 
Subscription Agreement, the Intel Quartus Prime License Agreement,
the Intel FPGA IP License Agreement, or other applicable license
agreement, including, without limitation, that your use is for
the sole purpose of programming logic devices manufactured by
Intel and sold by Intel or its authorized distributors.  Please
refer to the applicable agreement for further details, at
https://fpgasoftware.intel.com/eula.



+----------------------------------------------------------------------------------+
; Flow Summary                                                                     ;
+------------------------------------+---------------------------------------------+
; Flow Status                        ; Successful - Thu Nov 24 15:59:40 2022       ;
; Quartus Prime Version              ; 20.1.1 Build 720 11/11/2020 SJ Lite Edition ;
; Revision Name                      ; vga                                         ;
; Top-level Entity Name              ; DE10_LITE_Golden_Top                        ;
; Family                             ; MAX 10                                      ;
; Device                             ; 10M50DAF484C6GES                            ;
; Timing Models                      ; Preliminary                                 ;
; Total logic elements               ; 4,283 / 49,760 ( 9 % )                      ;
;     Total combinational functions  ; 4,227 / 49,760 ( 8 % )                      ;
;     Dedicated logic registers      ; 349 / 49,760 ( < 1 % )                      ;
; Total registers                    ; 349                                         ;
; Total pins                         ; 185 / 360 ( 51 % )                          ;
; Total virtual pins                 ; 0                                           ;
; Total memory bits                  ; 49,152 / 1,677,312 ( 3 % )                  ;
; Embedded Multiplier 9-bit elements ; 0 / 288 ( 0 % )                             ;
; Total PLLs                         ; 2 / 4 ( 50 % )                              ;
; UFM blocks                         ; 0 / 1 ( 0 % )                               ;
; ADC blocks                         ; 1 / 2 ( 50 % )                              ;
+------------------------------------+---------------------------------------------+


+-----------------------------------------+
; Flow Settings                           ;
+-------------------+---------------------+
; Option            ; Setting             ;
+-------------------+---------------------+
; Start date & time ; 11/24/2022 15:58:51 ;
; Main task         ; Compilation         ;
; Revision Name     ; vga                 ;
+-------------------+---------------------+


+-------------------------------------------------------------------------------------------------------------------------------------------------------+
; Flow Non-Default Global Settings                                                                                                                      ;
+-------------------------------------+-------------------------------------------------------------+---------------+----------------------+------------+
; Assignment Name                     ; Value                                                       ; Default Value ; Entity Name          ; Section Id ;
+-------------------------------------+-------------------------------------------------------------+---------------+----------------------+------------+
; COMPILER_SIGNATURE_ID               ; 830022945006.166930553116953                                ; --            ; --                   ; --         ;
; MAX_CORE_JUNCTION_TEMP              ; 85                                                          ; --            ; --                   ; --         ;
; MIN_CORE_JUNCTION_TEMP              ; 0                                                           ; --            ; --                   ; --         ;
; MISC_FILE                           ; quartus/hello_adc/synthesis/../hello_adc.cmp                ; --            ; --                   ; --         ;
; MISC_FILE                           ; quartus/hello_adc/synthesis/../../hello_adc.qsys            ; --            ; --                   ; --         ;
; MISC_FILE                           ; pll_bb.v                                                    ; --            ; --                   ; --         ;
; MISC_FILE                           ; pll.cmp                                                     ; --            ; --                   ; --         ;
; MISC_FILE                           ; pll.ppf                                                     ; --            ; --                   ; --         ;
; MISC_FILE                           ; dispmem_inst.v                                              ; --            ; --                   ; --         ;
; MISC_FILE                           ; dispmem_bb.v                                                ; --            ; --                   ; --         ;
; MISC_FILE                           ; dispmem.cmp                                                 ; --            ; --                   ; --         ;
; MISC_FILE                           ; charrom_bb.v                                                ; --            ; --                   ; --         ;
; MISC_FILE                           ; charrom.cmp                                                 ; --            ; --                   ; --         ;
; OUTPUT_IO_TIMING_FAR_END_VMEAS      ; Half Signal Swing                                           ; --            ; --                   ; --         ;
; OUTPUT_IO_TIMING_FAR_END_VMEAS      ; Half Signal Swing                                           ; --            ; --                   ; --         ;
; OUTPUT_IO_TIMING_NEAR_END_VMEAS     ; Half Vccio                                                  ; --            ; --                   ; --         ;
; OUTPUT_IO_TIMING_NEAR_END_VMEAS     ; Half Vccio                                                  ; --            ; --                   ; --         ;
; PARTITION_COLOR                     ; -- (Not supported for targeted family)                      ; --            ; DE10_LITE_Golden_Top ; Top        ;
; PARTITION_FITTER_PRESERVATION_LEVEL ; -- (Not supported for targeted family)                      ; --            ; DE10_LITE_Golden_Top ; Top        ;
; PARTITION_NETLIST_TYPE              ; -- (Not supported for targeted family)                      ; --            ; DE10_LITE_Golden_Top ; Top        ;
; POWER_BOARD_THERMAL_MODEL           ; None (CONSERVATIVE)                                         ; --            ; --                   ; --         ;
; POWER_PRESET_COOLING_SOLUTION       ; 23 MM HEAT SINK WITH 200 LFPM AIRFLOW                       ; --            ; --                   ; --         ;
; PROJECT_OUTPUT_DIRECTORY            ; output_files                                                ; --            ; --                   ; --         ;
; SLD_FILE                            ; quartus/hello_adc/synthesis/hello_adc.debuginfo             ; --            ; --                   ; --         ;
; SLD_INFO                            ; QSYS_NAME hello_adc HAS_SOPCINFO 1 GENERATION_ID 1668506451 ; --            ; hello_adc            ; --         ;
; SOPCINFO_FILE                       ; quartus/hello_adc/synthesis/../../hello_adc.sopcinfo        ; --            ; --                   ; --         ;
; SYNTHESIS_ONLY_QIP                  ; On                                                          ; --            ; --                   ; --         ;
; TOP_LEVEL_ENTITY                    ; DE10_LITE_Golden_Top                                        ; vga           ; --                   ; --         ;
+-------------------------------------+-------------------------------------------------------------+---------------+----------------------+------------+


+--------------------------------------------------------------------------------------------------------------------------+
; Flow Elapsed Time                                                                                                        ;
+----------------------+--------------+-------------------------+---------------------+------------------------------------+
; Module Name          ; Elapsed Time ; Average Processors Used ; Peak Virtual Memory ; Total CPU Time (on all processors) ;
+----------------------+--------------+-------------------------+---------------------+------------------------------------+
; Analysis & Synthesis ; 00:00:14     ; 1.0                     ; 491 MB              ; 00:00:22                           ;
; Fitter               ; 00:00:30     ; 1.3                     ; 1150 MB             ; 00:00:54                           ;
; Assembler            ; 00:00:03     ; 1.0                     ; 372 MB              ; 00:00:03                           ;
; Timing Analyzer      ; 00:00:05     ; 1.8                     ; 547 MB              ; 00:00:07                           ;
; Total                ; 00:00:52     ; --                      ; --                  ; 00:01:26                           ;
+----------------------+--------------+-------------------------+---------------------+------------------------------------+


+------------------------------------------------------------------------------------+
; Flow OS Summary                                                                    ;
+----------------------+------------------+------------+------------+----------------+
; Module Name          ; Machine Hostname ; OS Name    ; OS Version ; Processor type ;
+----------------------+------------------+------------+------------+----------------+
; Analysis & Synthesis ; Stone-DT         ; Linux Mint ; 20         ; x86_64         ;
; Fitter               ; Stone-DT         ; Linux Mint ; 20         ; x86_64         ;
; Assembler            ; Stone-DT         ; Linux Mint ; 20         ; x86_64         ;
; Timing Analyzer      ; Stone-DT         ; Linux Mint ; 20         ; x86_64         ;
+----------------------+------------------+------------+------------+----------------+


------------
; Flow Log ;
------------
quartus_map --read_settings_files=on --write_settings_files=off vga -c vga
quartus_fit --read_settings_files=off --write_settings_files=off vga -c vga
quartus_asm --read_settings_files=off --write_settings_files=off vga -c vga
quartus_sta vga -c vga



